nohup: ignoring input
[INFO] Scanning for projects...
[INFO] 
[INFO] ----------------------< com.deliveryapp:backend >-----------------------
[INFO] Building backend 0.0.1-SNAPSHOT
[INFO]   from pom.xml
[INFO] --------------------------------[ jar ]---------------------------------
[INFO] 
[INFO] >>> spring-boot:3.5.10:run (default-cli) > test-compile @ backend >>>
[INFO] 
[INFO] --- resources:3.3.1:resources (default-resources) @ backend ---
[INFO] Copying 1 resource from src/main/resources to target/classes
[INFO] Copying 1 resource from src/main/resources to target/classes
[INFO] 
[INFO] --- compiler:3.14.1:compile (default-compile) @ backend ---
[INFO] Recompiling the module because of added or removed source files.
[INFO] Compiling 60 source files with javac [debug parameters release 17] to target/classes
WARNING: A terminally deprecated method in sun.misc.Unsafe has been called
WARNING: sun.misc.Unsafe::objectFieldOffset has been called by lombok.permit.Permit
WARNING: Please consider reporting this to the maintainers of class lombok.permit.Permit
WARNING: sun.misc.Unsafe::objectFieldOffset will be removed in a future release
[INFO] /home/asd/sfbackendv2/src/main/java/com/deliveryapp/backend/config/SecurityConfig.java: /home/asd/sfbackendv2/src/main/java/com/deliveryapp/backend/config/SecurityConfig.java uses or overrides a deprecated API.
[INFO] /home/asd/sfbackendv2/src/main/java/com/deliveryapp/backend/config/SecurityConfig.java: Recompile with -Xlint:deprecation for details.
[INFO] 
[INFO] --- resources:3.3.1:testResources (default-testResources) @ backend ---
[INFO] skip non existing resourceDirectory /home/asd/sfbackendv2/src/test/resources
[INFO] 
[INFO] --- compiler:3.14.1:testCompile (default-testCompile) @ backend ---
[INFO] Recompiling the module because of changed dependency.
[INFO] Compiling 1 source file with javac [debug parameters release 17] to target/test-classes
[INFO] 
[INFO] <<< spring-boot:3.5.10:run (default-cli) < test-compile @ backend <<<
[INFO] 
[INFO] 
[INFO] --- spring-boot:3.5.10:run (default-cli) @ backend ---
[INFO] Attaching agents: []

  .   ____          _            __ _ _
 /\\ / ___'_ __ _ _(_)_ __  __ _ \ \ \ \
( ( )\___ | '_ | '_| | '_ \/ _` | \ \ \ \
 \\/  ___)| |_)| | | | | || (_| |  ) ) ) )
  '  |____| .__|_| |_|_| |_\__, | / / / /
 =========|_|==============|___/=/_/_/_/

 :: Spring Boot ::               (v3.5.10)

2026-02-17T13:32:35.799+05:30  INFO 13389 --- [backend] [           main] c.d.backend.BackendApplication           : Starting BackendApplication using Java 25.0.2 with PID 13389 (/home/asd/sfbackendv2/target/classes started by asd in /home/asd/sfbackendv2)
2026-02-17T13:32:35.801+05:30  INFO 13389 --- [backend] [           main] c.d.backend.BackendApplication           : No active profile set, falling back to 1 default profile: "default"
2026-02-17T13:32:36.725+05:30  INFO 13389 --- [backend] [           main] .s.d.r.c.RepositoryConfigurationDelegate : Bootstrapping Spring Data JPA repositories in DEFAULT mode.
2026-02-17T13:32:36.828+05:30  INFO 13389 --- [backend] [           main] .s.d.r.c.RepositoryConfigurationDelegate : Finished Spring Data repository scanning in 92 ms. Found 16 JPA repository interfaces.
2026-02-17T13:32:37.443+05:30  INFO 13389 --- [backend] [           main] o.s.b.w.embedded.tomcat.TomcatWebServer  : Tomcat initialized with port 8080 (http)
2026-02-17T13:32:37.458+05:30  INFO 13389 --- [backend] [           main] o.apache.catalina.core.StandardService   : Starting service [Tomcat]
2026-02-17T13:32:37.459+05:30  INFO 13389 --- [backend] [           main] o.apache.catalina.core.StandardEngine    : Starting Servlet engine: [Apache Tomcat/10.1.50]
2026-02-17T13:32:37.513+05:30  INFO 13389 --- [backend] [           main] o.a.c.c.C.[Tomcat].[localhost].[/]       : Initializing Spring embedded WebApplicationContext
2026-02-17T13:32:37.514+05:30  INFO 13389 --- [backend] [           main] w.s.c.ServletWebServerApplicationContext : Root WebApplicationContext: initialization completed in 1647 ms
2026-02-17T13:32:37.671+05:30  INFO 13389 --- [backend] [           main] o.hibernate.jpa.internal.util.LogHelper  : HHH000204: Processing PersistenceUnitInfo [name: default]
2026-02-17T13:32:37.721+05:30  INFO 13389 --- [backend] [           main] org.hibernate.Version                    : HHH000412: Hibernate ORM core version 6.6.41.Final
2026-02-17T13:32:37.753+05:30  INFO 13389 --- [backend] [           main] o.h.c.internal.RegionFactoryInitiator    : HHH000026: Second-level cache disabled
2026-02-17T13:32:38.071+05:30  INFO 13389 --- [backend] [           main] o.s.o.j.p.SpringPersistenceUnitInfo      : No LoadTimeWeaver setup: ignoring JPA class transformer
2026-02-17T13:32:38.103+05:30  INFO 13389 --- [backend] [           main] com.zaxxer.hikari.HikariDataSource       : HikariPool-1 - Starting...
2026-02-17T13:32:38.537+05:30  INFO 13389 --- [backend] [           main] com.zaxxer.hikari.pool.HikariPool        : HikariPool-1 - Added connection com.mysql.cj.jdbc.ConnectionImpl@1b444b5
2026-02-17T13:32:38.539+05:30  INFO 13389 --- [backend] [           main] com.zaxxer.hikari.HikariDataSource       : HikariPool-1 - Start completed.
2026-02-17T13:32:38.575+05:30  WARN 13389 --- [backend] [           main] o.h.e.j.e.i.JdbcEnvironmentInitiator     : HHH000339: Could not obtain connection metadata: java.sql.SQLSyntaxErrorException: Unknown column 'RESERVED' in 'WHERE'
2026-02-17T13:32:38.588+05:30  WARN 13389 --- [backend] [           main] org.hibernate.orm.deprecation            : HHH90000025: MySQL8Dialect does not need to be specified explicitly using 'hibernate.dialect' (remove the property setting and it will be selected by default)
2026-02-17T13:32:38.590+05:30  WARN 13389 --- [backend] [           main] org.hibernate.orm.deprecation            : HHH90000026: MySQL8Dialect has been deprecated; use org.hibernate.dialect.MySQLDialect instead
2026-02-17T13:32:38.600+05:30  INFO 13389 --- [backend] [           main] org.hibernate.orm.connections.pooling    : HHH10001005: Database info:
	Database JDBC URL [Connecting through datasource 'HikariDataSource (HikariPool-1)']
	Database driver: undefined/unknown
	Database version: 8.0
	Autocommit mode: undefined/unknown
	Isolation level: undefined/unknown
	Minimum pool size: undefined/unknown
	Maximum pool size: undefined/unknown
2026-02-17T13:32:39.780+05:30  INFO 13389 --- [backend] [           main] o.h.e.t.j.p.i.JtaPlatformInitiator       : HHH000489: No JTA platform available (set 'hibernate.transaction.jta.platform' to enable JTA platform integration)
2026-02-17T13:32:39.799+05:30 DEBUG 13389 --- [backend] [           main] org.hibernate.SQL                        : 
    drop table if exists active_tokens
Hibernate: 
    drop table if exists active_tokens
2026-02-17T13:32:39.822+05:30 DEBUG 13389 --- [backend] [           main] org.hibernate.SQL                        : 
    drop table if exists addresses
Hibernate: 
    drop table if exists addresses
2026-02-17T13:32:39.833+05:30 DEBUG 13389 --- [backend] [           main] org.hibernate.SQL                        : 
    drop table if exists categories
Hibernate: 
    drop table if exists categories
2026-02-17T13:32:39.843+05:30 DEBUG 13389 --- [backend] [           main] org.hibernate.SQL                        : 
    drop table if exists coupon_usage
Hibernate: 
    drop table if exists coupon_usage
2026-02-17T13:32:39.854+05:30 DEBUG 13389 --- [backend] [           main] org.hibernate.SQL                        : 
    drop table if exists coupons
Hibernate: 
    drop table if exists coupons
2026-02-17T13:32:39.868+05:30 DEBUG 13389 --- [backend] [           main] org.hibernate.SQL                        : 
    drop table if exists email_otp
Hibernate: 
    drop table if exists email_otp
2026-02-17T13:32:39.878+05:30 DEBUG 13389 --- [backend] [           main] org.hibernate.SQL                        : 
    drop table if exists order_items
Hibernate: 
    drop table if exists order_items
2026-02-17T13:32:39.889+05:30 DEBUG 13389 --- [backend] [           main] org.hibernate.SQL                        : 
    drop table if exists orders
Hibernate: 
    drop table if exists orders
2026-02-17T13:32:39.904+05:30 DEBUG 13389 --- [backend] [           main] org.hibernate.SQL                        : 
    drop table if exists password_reset
Hibernate: 
    drop table if exists password_reset
2026-02-17T13:32:39.915+05:30 DEBUG 13389 --- [backend] [           main] org.hibernate.SQL                        : 
    drop table if exists payments
Hibernate: 
    drop table if exists payments
2026-02-17T13:32:39.927+05:30 DEBUG 13389 --- [backend] [           main] org.hibernate.SQL                        : 
    drop table if exists price_history
Hibernate: 
    drop table if exists price_history
2026-02-17T13:32:39.939+05:30 DEBUG 13389 --- [backend] [           main] org.hibernate.SQL                        : 
    drop table if exists product_images
Hibernate: 
    drop table if exists product_images
2026-02-17T13:32:39.950+05:30 DEBUG 13389 --- [backend] [           main] org.hibernate.SQL                        : 
    drop table if exists product_variants
Hibernate: 
    drop table if exists product_variants
2026-02-17T13:32:39.962+05:30 DEBUG 13389 --- [backend] [           main] org.hibernate.SQL                        : 
    drop table if exists products
Hibernate: 
    drop table if exists products
2026-02-17T13:32:39.974+05:30 DEBUG 13389 --- [backend] [           main] org.hibernate.SQL                        : 
    drop table if exists tokens
Hibernate: 
    drop table if exists tokens
2026-02-17T13:32:39.985+05:30 DEBUG 13389 --- [backend] [           main] org.hibernate.SQL                        : 
    drop table if exists users
Hibernate: 
    drop table if exists users
2026-02-17T13:32:40.003+05:30 DEBUG 13389 --- [backend] [           main] org.hibernate.SQL                        : 
    create table active_tokens (
        is_active bit,
        created_at datetime(6),
        id bigint not null auto_increment,
        last_used_at datetime(6),
        token_id bigint,
        user_id bigint,
        primary key (id)
    ) engine=InnoDB
Hibernate: 
    create table active_tokens (
        is_active bit,
        created_at datetime(6),
        id bigint not null auto_increment,
        last_used_at datetime(6),
        token_id bigint,
        user_id bigint,
        primary key (id)
    ) engine=InnoDB
2026-02-17T13:32:40.015+05:30 DEBUG 13389 --- [backend] [           main] org.hibernate.SQL                        : 
    create table addresses (
        is_default bit,
        created_at datetime(6),
        id bigint not null auto_increment,
        user_id bigint,
        area_name varchar(255),
        building_name varchar(255),
        building_no varchar(255),
        city varchar(255),
        pincode varchar(255),
        state varchar(255),
        street_no varchar(255),
        primary key (id)
    ) engine=InnoDB
Hibernate: 
    create table addresses (
        is_default bit,
        created_at datetime(6),
        id bigint not null auto_increment,
        user_id bigint,
        area_name varchar(255),
        building_name varchar(255),
        building_no varchar(255),
        city varchar(255),
        pincode varchar(255),
        state varchar(255),
        street_no varchar(255),
        primary key (id)
    ) engine=InnoDB
2026-02-17T13:32:40.028+05:30 DEBUG 13389 --- [backend] [           main] org.hibernate.SQL                        : 
    create table categories (
        is_active bit,
        created_at datetime(6),
        id bigint not null auto_increment,
        description varchar(255),
        name varchar(255),
        primary key (id)
    ) engine=InnoDB
Hibernate: 
    create table categories (
        is_active bit,
        created_at datetime(6),
        id bigint not null auto_increment,
        description varchar(255),
        name varchar(255),
        primary key (id)
    ) engine=InnoDB
2026-02-17T13:32:40.041+05:30 DEBUG 13389 --- [backend] [           main] org.hibernate.SQL                        : 
    create table coupon_usage (
        usage_count integer,
        coupon_id bigint,
        id bigint not null auto_increment,
        user_id bigint,
        primary key (id)
    ) engine=InnoDB
Hibernate: 
    create table coupon_usage (
        usage_count integer,
        coupon_id bigint,
        id bigint not null auto_increment,
        user_id bigint,
        primary key (id)
    ) engine=InnoDB
2026-02-17T13:32:40.054+05:30 DEBUG 13389 --- [backend] [           main] org.hibernate.SQL                        : 
    create table coupons (
        discount_value decimal(38,2),
        is_active bit,
        max_discount_amount decimal(38,2),
        min_order_amount decimal(38,2),
        usage_limit_per_user integer,
        created_at datetime(6),
        expiry_date datetime(6),
        id bigint not null auto_increment,
        code varchar(255),
        discount_type varchar(255),
        primary key (id)
    ) engine=InnoDB
Hibernate: 
    create table coupons (
        discount_value decimal(38,2),
        is_active bit,
        max_discount_amount decimal(38,2),
        min_order_amount decimal(38,2),
        usage_limit_per_user integer,
        created_at datetime(6),
        expiry_date datetime(6),
        id bigint not null auto_increment,
        code varchar(255),
        discount_type varchar(255),
        primary key (id)
    ) engine=InnoDB
2026-02-17T13:32:40.068+05:30 DEBUG 13389 --- [backend] [           main] org.hibernate.SQL                        : 
    create table email_otp (
        attempt_count integer,
        is_used bit,
        created_at datetime(6),
        expires_at datetime(6),
        id bigint not null auto_increment,
        user_id bigint,
        email varchar(255),
        otp_code varchar(255),
        primary key (id)
    ) engine=InnoDB
Hibernate: 
    create table email_otp (
        attempt_count integer,
        is_used bit,
        created_at datetime(6),
        expires_at datetime(6),
        id bigint not null auto_increment,
        user_id bigint,
        email varchar(255),
        otp_code varchar(255),
        primary key (id)
    ) engine=InnoDB
2026-02-17T13:32:40.083+05:30 DEBUG 13389 --- [backend] [           main] org.hibernate.SQL                        : 
    create table order_items (
        price_at_purchase decimal(38,2),
        quantity integer,
        subtotal decimal(38,2),
        id bigint not null auto_increment,
        order_id bigint,
        variant_id bigint,
        primary key (id)
    ) engine=InnoDB
Hibernate: 
    create table order_items (
        price_at_purchase decimal(38,2),
        quantity integer,
        subtotal decimal(38,2),
        id bigint not null auto_increment,
        order_id bigint,
        variant_id bigint,
        primary key (id)
    ) engine=InnoDB
2026-02-17T13:32:40.095+05:30 DEBUG 13389 --- [backend] [           main] org.hibernate.SQL                        : 
    create table orders (
        coupon_applied bit,
        discount_amount decimal(38,2),
        final_amount decimal(38,2),
        total_amount decimal(38,2),
        address_id bigint,
        created_at datetime(6),
        id bigint not null auto_increment,
        payment_id bigint,
        user_id bigint,
        order_status varchar(255),
        primary key (id)
    ) engine=InnoDB
Hibernate: 
    create table orders (
        coupon_applied bit,
        discount_amount decimal(38,2),
        final_amount decimal(38,2),
        total_amount decimal(38,2),
        address_id bigint,
        created_at datetime(6),
        id bigint not null auto_increment,
        payment_id bigint,
        user_id bigint,
        order_status varchar(255),
        primary key (id)
    ) engine=InnoDB
2026-02-17T13:32:40.110+05:30 DEBUG 13389 --- [backend] [           main] org.hibernate.SQL                        : 
    create table password_reset (
        attempt_count integer,
        email_otp_id bigint,
        expires_at datetime(6),
        generated_at datetime(6),
        id bigint not null auto_increment,
        ip_address varchar(255),
        reset_token varchar(255),
        primary key (id)
    ) engine=InnoDB
Hibernate: 
    create table password_reset (
        attempt_count integer,
        email_otp_id bigint,
        expires_at datetime(6),
        generated_at datetime(6),
        id bigint not null auto_increment,
        ip_address varchar(255),
        reset_token varchar(255),
        primary key (id)
    ) engine=InnoDB
2026-02-17T13:32:40.124+05:30 DEBUG 13389 --- [backend] [           main] org.hibernate.SQL                        : 
    create table payments (
        amount decimal(38,2),
        created_at datetime(6),
        id bigint not null auto_increment,
        order_id bigint,
        payment_method varchar(255),
        payment_status varchar(255),
        razorpay_order_id varchar(255),
        razorpay_payment_id varchar(255),
        primary key (id)
    ) engine=InnoDB
Hibernate: 
    create table payments (
        amount decimal(38,2),
        created_at datetime(6),
        id bigint not null auto_increment,
        order_id bigint,
        payment_method varchar(255),
        payment_status varchar(255),
        razorpay_order_id varchar(255),
        razorpay_payment_id varchar(255),
        primary key (id)
    ) engine=InnoDB
2026-02-17T13:32:40.136+05:30 DEBUG 13389 --- [backend] [           main] org.hibernate.SQL                        : 
    create table price_history (
        price decimal(38,2),
        changed_at datetime(6),
        changed_by bigint,
        id bigint not null auto_increment,
        product_id bigint,
        variant_id bigint,
        primary key (id)
    ) engine=InnoDB
Hibernate: 
    create table price_history (
        price decimal(38,2),
        changed_at datetime(6),
        changed_by bigint,
        id bigint not null auto_increment,
        product_id bigint,
        variant_id bigint,
        primary key (id)
    ) engine=InnoDB
2026-02-17T13:32:40.150+05:30 DEBUG 13389 --- [backend] [           main] org.hibernate.SQL                        : 
    create table product_images (
        id bigint not null auto_increment,
        product_id bigint,
        image_url varchar(255),
        primary key (id)
    ) engine=InnoDB
Hibernate: 
    create table product_images (
        id bigint not null auto_increment,
        product_id bigint,
        image_url varchar(255),
        primary key (id)
    ) engine=InnoDB
2026-02-17T13:32:40.176+05:30 DEBUG 13389 --- [backend] [           main] org.hibernate.SQL                        : 
    create table product_variants (
        discount decimal(38,2),
        is_active bit,
        mrp decimal(38,2),
        price decimal(38,2),
        stock_quantity integer,
        created_at datetime(6),
        id bigint not null auto_increment,
        product_id bigint,
        updated_at datetime(6),
        availability_status varchar(255),
        sku varchar(255),
        variant_name varchar(255),
        primary key (id)
    ) engine=InnoDB
Hibernate: 
    create table product_variants (
        discount decimal(38,2),
        is_active bit,
        mrp decimal(38,2),
        price decimal(38,2),
        stock_quantity integer,
        created_at datetime(6),
        id bigint not null auto_increment,
        product_id bigint,
        updated_at datetime(6),
        availability_status varchar(255),
        sku varchar(255),
        variant_name varchar(255),
        primary key (id)
    ) engine=InnoDB
2026-02-17T13:32:40.191+05:30 DEBUG 13389 --- [backend] [           main] org.hibernate.SQL                        : 
    create table products (
        is_active bit,
        category_id bigint,
        created_at datetime(6),
        id bigint not null auto_increment,
        updated_at datetime(6),
        description varchar(255),
        name varchar(255),
        primary key (id)
    ) engine=InnoDB
Hibernate: 
    create table products (
        is_active bit,
        category_id bigint,
        created_at datetime(6),
        id bigint not null auto_increment,
        updated_at datetime(6),
        description varchar(255),
        name varchar(255),
        primary key (id)
    ) engine=InnoDB
2026-02-17T13:32:40.204+05:30 DEBUG 13389 --- [backend] [           main] org.hibernate.SQL                        : 
    create table tokens (
        created_at datetime(6),
        expires_at datetime(6),
        id bigint not null auto_increment,
        issued_at datetime(6),
        user_id bigint,
        access_token varchar(255),
        ip_address varchar(255),
        primary key (id)
    ) engine=InnoDB
Hibernate: 
    create table tokens (
        created_at datetime(6),
        expires_at datetime(6),
        id bigint not null auto_increment,
        issued_at datetime(6),
        user_id bigint,
        access_token varchar(255),
        ip_address varchar(255),
        primary key (id)
    ) engine=InnoDB
2026-02-17T13:32:40.218+05:30 DEBUG 13389 --- [backend] [           main] org.hibernate.SQL                        : 
    create table users (
        is_active bit,
        created_at datetime(6),
        id bigint not null auto_increment,
        updated_at datetime(6),
        email varchar(255),
        mobile varchar(255),
        name varchar(255),
        password_hash varchar(255),
        role varchar(255),
        primary key (id)
    ) engine=InnoDB
Hibernate: 
    create table users (
        is_active bit,
        created_at datetime(6),
        id bigint not null auto_increment,
        updated_at datetime(6),
        email varchar(255),
        mobile varchar(255),
        name varchar(255),
        password_hash varchar(255),
        role varchar(255),
        primary key (id)
    ) engine=InnoDB
2026-02-17T13:32:40.235+05:30  INFO 13389 --- [backend] [           main] j.LocalContainerEntityManagerFactoryBean : Initialized JPA EntityManagerFactory for persistence unit 'default'
2026-02-17T13:32:40.653+05:30  INFO 13389 --- [backend] [           main] eAuthenticationProviderManagerConfigurer : Global AuthenticationManager configured with AuthenticationProvider bean with name authenticationProvider
2026-02-17T13:32:40.654+05:30  WARN 13389 --- [backend] [           main] r$InitializeUserDetailsManagerConfigurer : Global AuthenticationManager configured with an AuthenticationProvider bean. UserDetailsService beans will not be used by Spring Security for automatically configuring username/password login. Consider removing the AuthenticationProvider bean. Alternatively, consider using the UserDetailsService in a manually instantiated DaoAuthenticationProvider. If the current configuration is intentional, to turn off this warning, increase the logging level of 'org.springframework.security.config.annotation.authentication.configuration.InitializeUserDetailsBeanManagerConfigurer' to ERROR
2026-02-17T13:32:40.853+05:30  WARN 13389 --- [backend] [           main] JpaBaseConfiguration$JpaWebConfiguration : spring.jpa.open-in-view is enabled by default. Therefore, database queries may be performed during view rendering. Explicitly configure spring.jpa.open-in-view to disable this warning
2026-02-17T13:32:41.680+05:30  INFO 13389 --- [backend] [           main] o.s.b.w.embedded.tomcat.TomcatWebServer  : Tomcat started on port 8080 (http) with context path '/'
2026-02-17T13:32:41.694+05:30  INFO 13389 --- [backend] [           main] c.d.backend.BackendApplication           : Started BackendApplication in 6.388 seconds (process running for 6.735)
2026-02-17T13:32:56.921+05:30  INFO 13389 --- [backend] [nio-8080-exec-1] o.a.c.c.C.[Tomcat].[localhost].[/]       : Initializing Spring DispatcherServlet 'dispatcherServlet'
2026-02-17T13:32:56.922+05:30  INFO 13389 --- [backend] [nio-8080-exec-1] o.s.web.servlet.DispatcherServlet        : Initializing Servlet 'dispatcherServlet'
2026-02-17T13:32:56.923+05:30  INFO 13389 --- [backend] [nio-8080-exec-1] o.s.web.servlet.DispatcherServlet        : Completed initialization in 1 ms
2026-02-17T13:32:57.171+05:30 DEBUG 13389 --- [backend] [nio-8080-exec-1] org.hibernate.SQL                        : 
    select
        u1_0.id,
        u1_0.created_at,
        u1_0.email,
        u1_0.is_active,
        u1_0.mobile,
        u1_0.name,
        u1_0.password_hash,
        u1_0.role,
        u1_0.updated_at 
    from
        users u1_0
Hibernate: 
    select
        u1_0.id,
        u1_0.created_at,
        u1_0.email,
        u1_0.is_active,
        u1_0.mobile,
        u1_0.name,
        u1_0.password_hash,
        u1_0.role,
        u1_0.updated_at 
    from
        users u1_0
2026-02-17T13:32:57.359+05:30 DEBUG 13389 --- [backend] [nio-8080-exec-1] org.hibernate.SQL                        : 
    insert 
    into
        users
        (created_at, email, is_active, mobile, name, password_hash, role, updated_at) 
    values
        (?, ?, ?, ?, ?, ?, ?, ?)
Hibernate: 
    insert 
    into
        users
        (created_at, email, is_active, mobile, name, password_hash, role, updated_at) 
    values
        (?, ?, ?, ?, ?, ?, ?, ?)
2026-02-17T13:32:57.565+05:30 DEBUG 13389 --- [backend] [nio-8080-exec-2] org.hibernate.SQL                        : 
    select
        u1_0.id,
        u1_0.created_at,
        u1_0.email,
        u1_0.is_active,
        u1_0.mobile,
        u1_0.name,
        u1_0.password_hash,
        u1_0.role,
        u1_0.updated_at 
    from
        users u1_0 
    where
        u1_0.email=?
Hibernate: 
    select
        u1_0.id,
        u1_0.created_at,
        u1_0.email,
        u1_0.is_active,
        u1_0.mobile,
        u1_0.name,
        u1_0.password_hash,
        u1_0.role,
        u1_0.updated_at 
    from
        users u1_0 
    where
        u1_0.email=?
2026-02-17T13:32:57.688+05:30 DEBUG 13389 --- [backend] [nio-8080-exec-4] org.hibernate.SQL                        : 
    select
        u1_0.id,
        u1_0.created_at,
        u1_0.email,
        u1_0.is_active,
        u1_0.mobile,
        u1_0.name,
        u1_0.password_hash,
        u1_0.role,
        u1_0.updated_at 
    from
        users u1_0 
    where
        u1_0.email=?
Hibernate: 
    select
        u1_0.id,
        u1_0.created_at,
        u1_0.email,
        u1_0.is_active,
        u1_0.mobile,
        u1_0.name,
        u1_0.password_hash,
        u1_0.role,
        u1_0.updated_at 
    from
        users u1_0 
    where
        u1_0.email=?
2026-02-17T13:32:57.919+05:30 DEBUG 13389 --- [backend] [nio-8080-exec-7] org.hibernate.SQL                        : 
    select
        u1_0.id,
        u1_0.created_at,
        u1_0.email,
        u1_0.is_active,
        u1_0.mobile,
        u1_0.name,
        u1_0.password_hash,
        u1_0.role,
        u1_0.updated_at 
    from
        users u1_0 
    where
        u1_0.email=?
Hibernate: 
    select
        u1_0.id,
        u1_0.created_at,
        u1_0.email,
        u1_0.is_active,
        u1_0.mobile,
        u1_0.name,
        u1_0.password_hash,
        u1_0.role,
        u1_0.updated_at 
    from
        users u1_0 
    where
        u1_0.email=?
2026-02-17T13:32:57.931+05:30 DEBUG 13389 --- [backend] [nio-8080-exec-7] org.hibernate.SQL                        : 
    select
        u1_0.id,
        u1_0.created_at,
        u1_0.email,
        u1_0.is_active,
        u1_0.mobile,
        u1_0.name,
        u1_0.password_hash,
        u1_0.role,
        u1_0.updated_at 
    from
        users u1_0 
    where
        u1_0.id=?
Hibernate: 
    select
        u1_0.id,
        u1_0.created_at,
        u1_0.email,
        u1_0.is_active,
        u1_0.mobile,
        u1_0.name,
        u1_0.password_hash,
        u1_0.role,
        u1_0.updated_at 
    from
        users u1_0 
    where
        u1_0.id=?
[INFO] ------------------------------------------------------------------------
[INFO] BUILD FAILURE
[INFO] ------------------------------------------------------------------------
[INFO] Total time:  01:03 min
[INFO] Finished at: 2026-02-17T13:33:32+05:30
[INFO] ------------------------------------------------------------------------
[ERROR] Failed to execute goal org.springframework.boot:spring-boot-maven-plugin:3.5.10:run (default-cli) on project backend: Process terminated with exit code: 137 -> [Help 1]
[ERROR] 
[ERROR] To see the full stack trace of the errors, re-run Maven with the -e switch.
[ERROR] Re-run Maven using the -X switch to enable full debug logging.
[ERROR] 
[ERROR] For more information about the errors and possible solutions, please read the following articles:
[ERROR] [Help 1] http://cwiki.apache.org/confluence/display/MAVEN/MojoExecutionException
